2019-10-14T00:22:15.696Z|786911382|qtp1042790962-131|AAIUI|AAIUI|AAIRESTClient|INFO|AC0001I|AC0001I POST request at url = https://casanova:9509/services/search-data-service/v1/search/indexes/aggregate_generic-vnf_index/query|
2019-10-14T00:22:15.729Z|786911382|qtp1042790962-131|AAIUI|AAIUI|AAIRESTClient|INFO|AC0003I|AC0003I POST request operation time = 33 ms for link = https://casanova:9509/services/search-data-service/v1/search/indexes/aggregate_generic-vnf_index/query|
2019-10-14T00:22:15.729Z|786911382|qtp1042790962-131|AAIUI|AAIUI|AAIRESTClient|INFO|AC0004I|AC0004I request at url = https://casanova:9509/services/search-data-service/v1/search/indexes/aggregate_generic-vnf_index/query resulted in http response: 404 Not Found|
2019-10-14T00:22:16.075Z|2353346049|qtp1042790962-183|AAIUI|AAIUI|AAIRESTClient|INFO|AC0001I|AC0001I POST request at url = https://casanova:9509/services/search-data-service/v1/search/indexes/aggregate_generic-vnf_index/query|
2019-10-14T00:22:16.094Z|2353346049|qtp1042790962-183|AAIUI|AAIUI|AAIRESTClient|INFO|AC0003I|AC0003I POST request operation time = 19 ms for link = https://casanova:9509/services/search-data-service/v1/search/indexes/aggregate_generic-vnf_index/query|
2019-10-14T00:22:16.094Z|2353346049|qtp1042790962-183|AAIUI|AAIUI|AAIRESTClient|INFO|AC0004I|AC0004I request at url = https://casanova:9509/services/search-data-service/v1/search/indexes/aggregate_generic-vnf_index/query resulted in http response: 404 Not Found|
2019-10-14T00:22:16.094Z|2353346049|qtp1042790962-183|AAIUI|AAIUI|org.onap.aai.sparky.search.filters.FilteredSearchHelper|WARN|AAIUI00067W|AAIUI00067W Filter values query failed with code 404 for filter with ID 2|
2019-10-14T00:22:16.094Z|2353346049|qtp1042790962-183|AAIUI|AAIUI|AAIRESTClient|INFO|AC0001I|AC0001I POST request at url = https://casanova:9509/services/search-data-service/v1/search/indexes/aggregate_generic-vnf_index/query|
2019-10-14T00:22:16.124Z|2353346049|qtp1042790962-183|AAIUI|AAIUI|AAIRESTClient|INFO|AC0003I|AC0003I POST request operation time = 30 ms for link = https://casanova:9509/services/search-data-service/v1/search/indexes/aggregate_generic-vnf_index/query|
2019-10-14T00:22:16.124Z|2353346049|qtp1042790962-183|AAIUI|AAIUI|AAIRESTClient|INFO|AC0004I|AC0004I request at url = https://casanova:9509/services/search-data-service/v1/search/indexes/aggregate_generic-vnf_index/query resulted in http response: 404 Not Found|
2019-10-14T00:22:16.124Z|2353346049|qtp1042790962-183|AAIUI|AAIUI|org.onap.aai.sparky.search.filters.FilteredSearchHelper|WARN|AAIUI00067W|AAIUI00067W Filter values query failed with code 404 for filter with ID 1|
2019-10-14T00:22:16.124Z|2353346049|qtp1042790962-183|AAIUI|AAIUI|AAIRESTClient|INFO|AC0001I|AC0001I POST request at url = https://casanova:9509/services/search-data-service/v1/search/indexes/aggregate_generic-vnf_index/query|
2019-10-14T00:22:16.147Z|2353346049|qtp1042790962-183|AAIUI|AAIUI|AAIRESTClient|INFO|AC0003I|AC0003I POST request operation time = 23 ms for link = https://casanova:9509/services/search-data-service/v1/search/indexes/aggregate_generic-vnf_index/query|
2019-10-14T00:22:16.147Z|2353346049|qtp1042790962-183|AAIUI|AAIUI|AAIRESTClient|INFO|AC0004I|AC0004I request at url = https://casanova:9509/services/search-data-service/v1/search/indexes/aggregate_generic-vnf_index/query resulted in http response: 404 Not Found|
2019-10-14T00:22:16.147Z|2353346049|qtp1042790962-183|AAIUI|AAIUI|org.onap.aai.sparky.search.filters.FilteredSearchHelper|WARN|AAIUI00067W|AAIUI00067W Filter values query failed with code 404 for filter with ID 7|
2019-10-14T00:22:16.148Z|2353346049|qtp1042790962-183|AAIUI|AAIUI|AAIRESTClient|INFO|AC0001I|AC0001I POST request at url = https://casanova:9509/services/search-data-service/v1/search/indexes/aggregate_generic-vnf_index/query|
2019-10-14T00:22:16.173Z|2353346049|qtp1042790962-183|AAIUI|AAIUI|AAIRESTClient|INFO|AC0003I|AC0003I POST request operation time = 25 ms for link = https://casanova:9509/services/search-data-service/v1/search/indexes/aggregate_generic-vnf_index/query|
2019-10-14T00:22:16.173Z|2353346049|qtp1042790962-183|AAIUI|AAIUI|AAIRESTClient|INFO|AC0004I|AC0004I request at url = https://casanova:9509/services/search-data-service/v1/search/indexes/aggregate_generic-vnf_index/query resulted in http response: 404 Not Found|
2019-10-14T00:22:16.173Z|2353346049|qtp1042790962-183|AAIUI|AAIUI|org.onap.aai.sparky.search.filters.FilteredSearchHelper|WARN|AAIUI00067W|AAIUI00067W Filter values query failed with code 404 for filter with ID 8|
2019-10-14T00:22:16.291Z|2313909386|qtp1042790962-182|AAIUI|AAIUI|AAIRESTClient|INFO|AC0001I|AC0001I POST request at url = https://casanova:9509/services/search-data-service/v1/search/indexes/aggregate_generic-vnf_index/query|
2019-10-14T00:22:16.313Z|2313909386|qtp1042790962-182|AAIUI|AAIUI|AAIRESTClient|INFO|AC0003I|AC0003I POST request operation time = 22 ms for link = https://casanova:9509/services/search-data-service/v1/search/indexes/aggregate_generic-vnf_index/query|
2019-10-14T00:22:16.313Z|2313909386|qtp1042790962-182|AAIUI|AAIUI|AAIRESTClient|INFO|AC0004I|AC0004I request at url = https://casanova:9509/services/search-data-service/v1/search/indexes/aggregate_generic-vnf_index/query resulted in http response: 404 Not Found|
2019-10-14T00:26:12.933Z|4139309765|qtp1042790962-183|AAIUI|AAIUI|AAIRESTClient|INFO|AC0001I|AC0001I POST request at url = https://casanova:9509/services/search-data-service/v1/search/indexes/aggregate_generic-vnf_index/query|
2019-10-14T00:26:13.066Z|4139309765|qtp1042790962-183|AAIUI|AAIUI|AAIRESTClient|INFO|AC0003I|AC0003I POST request operation time = 133 ms for link = https://casanova:9509/services/search-data-service/v1/search/indexes/aggregate_generic-vnf_index/query|
2019-10-14T00:26:13.066Z|4139309765|qtp1042790962-183|AAIUI|AAIUI|AAIRESTClient|INFO|AC0004I|AC0004I request at url = https://casanova:9509/services/search-data-service/v1/search/indexes/aggregate_generic-vnf_index/query resulted in http response: 404 Not Found|
2019-10-14T00:26:13.066Z|4139309765|qtp1042790962-183|AAIUI|AAIUI|org.onap.aai.sparky.search.filters.FilteredSearchHelper|WARN|AAIUI00067W|AAIUI00067W Filter values query failed with code 404 for filter with ID 2|
2019-10-14T00:26:13.066Z|4139309765|qtp1042790962-183|AAIUI|AAIUI|AAIRESTClient|INFO|AC0001I|AC0001I POST request at url = https://casanova:9509/services/search-data-service/v1/search/indexes/aggregate_generic-vnf_index/query|
2019-10-14T00:26:13.109Z|4139309765|qtp1042790962-183|AAIUI|AAIUI|AAIRESTClient|INFO|AC0003I|AC0003I POST request operation time = 43 ms for link = https://casanova:9509/services/search-data-service/v1/search/indexes/aggregate_generic-vnf_index/query|
2019-10-14T00:26:13.109Z|4139309765|qtp1042790962-183|AAIUI|AAIUI|AAIRESTClient|INFO|AC0004I|AC0004I request at url = https://casanova:9509/services/search-data-service/v1/search/indexes/aggregate_generic-vnf_index/query resulted in http response: 404 Not Found|
2019-10-14T00:26:13.109Z|4139309765|qtp1042790962-183|AAIUI|AAIUI|org.onap.aai.sparky.search.filters.FilteredSearchHelper|WARN|AAIUI00067W|AAIUI00067W Filter values query failed with code 404 for filter with ID 1|
2019-10-14T00:26:13.109Z|4139309765|qtp1042790962-183|AAIUI|AAIUI|AAIRESTClient|INFO|AC0001I|AC0001I POST request at url = https://casanova:9509/services/search-data-service/v1/search/indexes/aggregate_generic-vnf_index/query|
2019-10-14T00:26:13.157Z|4139309765|qtp1042790962-183|AAIUI|AAIUI|AAIRESTClient|INFO|AC0003I|AC0003I POST request operation time = 48 ms for link = https://casanova:9509/services/search-data-service/v1/search/indexes/aggregate_generic-vnf_index/query|
2019-10-14T00:26:13.157Z|4139309765|qtp1042790962-183|AAIUI|AAIUI|AAIRESTClient|INFO|AC0004I|AC0004I request at url = https://casanova:9509/services/search-data-service/v1/search/indexes/aggregate_generic-vnf_index/query resulted in http response: 404 Not Found|
2019-10-14T00:26:13.157Z|4139309765|qtp1042790962-183|AAIUI|AAIUI|org.onap.aai.sparky.search.filters.FilteredSearchHelper|WARN|AAIUI00067W|AAIUI00067W Filter values query failed with code 404 for filter with ID 7|
2019-10-14T00:26:13.157Z|4139309765|qtp1042790962-183|AAIUI|AAIUI|AAIRESTClient|INFO|AC0001I|AC0001I POST request at url = https://casanova:9509/services/search-data-service/v1/search/indexes/aggregate_generic-vnf_index/query|
2019-10-14T00:26:13.204Z|4139309765|qtp1042790962-183|AAIUI|AAIUI|AAIRESTClient|INFO|AC0003I|AC0003I POST request operation time = 47 ms for link = https://casanova:9509/services/search-data-service/v1/search/indexes/aggregate_generic-vnf_index/query|
2019-10-14T00:26:13.204Z|4139309765|qtp1042790962-183|AAIUI|AAIUI|AAIRESTClient|INFO|AC0004I|AC0004I request at url = https://casanova:9509/services/search-data-service/v1/search/indexes/aggregate_generic-vnf_index/query resulted in http response: 404 Not Found|
2019-10-14T00:26:13.204Z|4139309765|qtp1042790962-183|AAIUI|AAIUI|org.onap.aai.sparky.search.filters.FilteredSearchHelper|WARN|AAIUI00067W|AAIUI00067W Filter values query failed with code 404 for filter with ID 8|
2019-10-14T00:26:13.250Z|1850379975|qtp1042790962-50|AAIUI|AAIUI|AAIRESTClient|INFO|AC0001I|AC0001I POST request at url = https://casanova:9509/services/search-data-service/v1/search/indexes/aggregate_generic-vnf_index/query|
2019-10-14T00:26:13.278Z|4270359747|qtp1042790962-66|AAIUI|AAIUI|AAIRESTClient|INFO|AC0001I|AC0001I POST request at url = https://casanova:9509/services/search-data-service/v1/search/indexes/aggregate_generic-vnf_index/query|
2019-10-14T00:26:13.298Z|1850379975|qtp1042790962-50|AAIUI|AAIUI|AAIRESTClient|INFO|AC0003I|AC0003I POST request operation time = 48 ms for link = https://casanova:9509/services/search-data-service/v1/search/indexes/aggregate_generic-vnf_index/query|
2019-10-14T00:26:13.298Z|1850379975|qtp1042790962-50|AAIUI|AAIUI|AAIRESTClient|INFO|AC0004I|AC0004I request at url = https://casanova:9509/services/search-data-service/v1/search/indexes/aggregate_generic-vnf_index/query resulted in http response: 404 Not Found|
2019-10-14T00:26:13.324Z|4270359747|qtp1042790962-66|AAIUI|AAIUI|AAIRESTClient|INFO|AC0003I|AC0003I POST request operation time = 46 ms for link = https://casanova:9509/services/search-data-service/v1/search/indexes/aggregate_generic-vnf_index/query|
2019-10-14T00:26:13.324Z|4270359747|qtp1042790962-66|AAIUI|AAIUI|AAIRESTClient|INFO|AC0004I|AC0004I request at url = https://casanova:9509/services/search-data-service/v1/search/indexes/aggregate_generic-vnf_index/query resulted in http response: 404 Not Found|
2019-10-14T00:26:13.415Z|214336815|qtp1042790962-249|AAIUI|AAIUI|AAIRESTClient|INFO|AC0001I|AC0001I POST request at url = https://casanova:9509/services/search-data-service/v1/search/indexes/aggregate_generic-vnf_index/query|
2019-10-14T00:26:13.465Z|214336815|qtp1042790962-249|AAIUI|AAIUI|AAIRESTClient|INFO|AC0003I|AC0003I POST request operation time = 50 ms for link = https://casanova:9509/services/search-data-service/v1/search/indexes/aggregate_generic-vnf_index/query|
2019-10-14T00:26:13.465Z|214336815|qtp1042790962-249|AAIUI|AAIUI|AAIRESTClient|INFO|AC0004I|AC0004I request at url = https://casanova:9509/services/search-data-service/v1/search/indexes/aggregate_generic-vnf_index/query resulted in http response: 404 Not Found|
2019-10-14T00:26:13.465Z|214336815|qtp1042790962-249|AAIUI|AAIUI|org.onap.aai.sparky.search.filters.FilteredSearchHelper|WARN|AAIUI00067W|AAIUI00067W Filter values query failed with code 404 for filter with ID 2|
2019-10-14T00:26:13.465Z|214336815|qtp1042790962-249|AAIUI|AAIUI|AAIRESTClient|INFO|AC0001I|AC0001I POST request at url = https://casanova:9509/services/search-data-service/v1/search/indexes/aggregate_generic-vnf_index/query|
2019-10-14T00:26:13.509Z|214336815|qtp1042790962-249|AAIUI|AAIUI|AAIRESTClient|INFO|AC0003I|AC0003I POST request operation time = 44 ms for link = https://casanova:9509/services/search-data-service/v1/search/indexes/aggregate_generic-vnf_index/query|
2019-10-14T00:26:13.509Z|214336815|qtp1042790962-249|AAIUI|AAIUI|AAIRESTClient|INFO|AC0004I|AC0004I request at url = https://casanova:9509/services/search-data-service/v1/search/indexes/aggregate_generic-vnf_index/query resulted in http response: 404 Not Found|
2019-10-14T00:26:13.509Z|214336815|qtp1042790962-249|AAIUI|AAIUI|org.onap.aai.sparky.search.filters.FilteredSearchHelper|WARN|AAIUI00067W|AAIUI00067W Filter values query failed with code 404 for filter with ID 1|
2019-10-14T00:26:13.509Z|214336815|qtp1042790962-249|AAIUI|AAIUI|AAIRESTClient|INFO|AC0001I|AC0001I POST request at url = https://casanova:9509/services/search-data-service/v1/search/indexes/aggregate_generic-vnf_index/query|
2019-10-14T00:26:13.554Z|214336815|qtp1042790962-249|AAIUI|AAIUI|AAIRESTClient|INFO|AC0003I|AC0003I POST request operation time = 45 ms for link = https://casanova:9509/services/search-data-service/v1/search/indexes/aggregate_generic-vnf_index/query|
2019-10-14T00:26:13.554Z|214336815|qtp1042790962-249|AAIUI|AAIUI|AAIRESTClient|INFO|AC0004I|AC0004I request at url = https://casanova:9509/services/search-data-service/v1/search/indexes/aggregate_generic-vnf_index/query resulted in http response: 404 Not Found|
2019-10-14T00:26:13.554Z|214336815|qtp1042790962-249|AAIUI|AAIUI|org.onap.aai.sparky.search.filters.FilteredSearchHelper|WARN|AAIUI00067W|AAIUI00067W Filter values query failed with code 404 for filter with ID 7|
2019-10-14T00:26:13.554Z|214336815|qtp1042790962-249|AAIUI|AAIUI|AAIRESTClient|INFO|AC0001I|AC0001I POST request at url = https://casanova:9509/services/search-data-service/v1/search/indexes/aggregate_generic-vnf_index/query|
2019-10-14T00:26:13.588Z|214336815|qtp1042790962-249|AAIUI|AAIUI|AAIRESTClient|INFO|AC0003I|AC0003I POST request operation time = 34 ms for link = https://casanova:9509/services/search-data-service/v1/search/indexes/aggregate_generic-vnf_index/query|
2019-10-14T00:26:13.588Z|214336815|qtp1042790962-249|AAIUI|AAIUI|AAIRESTClient|INFO|AC0004I|AC0004I request at url = https://casanova:9509/services/search-data-service/v1/search/indexes/aggregate_generic-vnf_index/query resulted in http response: 404 Not Found|
2019-10-14T00:26:13.588Z|214336815|qtp1042790962-249|AAIUI|AAIUI|org.onap.aai.sparky.search.filters.FilteredSearchHelper|WARN|AAIUI00067W|AAIUI00067W Filter values query failed with code 404 for filter with ID 8|
2019-10-14T00:30:14.527Z|752471205|qtp1042790962-249|AAIUI|AAIUI|AAIRESTClient|INFO|AC0001I|AC0001I POST request at url = https://casanova:9509/services/search-data-service/v1/search/indexes/entityautosuggestindex/suggest|
2019-10-14T00:30:14.680Z|752471205|qtp1042790962-249|AAIUI|AAIUI|AAIRESTClient|INFO|AC0003I|AC0003I POST request operation time = 153 ms for link = https://casanova:9509/services/search-data-service/v1/search/indexes/entityautosuggestindex/suggest|
2019-10-14T00:30:14.680Z|752471205|qtp1042790962-249|AAIUI|AAIUI|AAIRESTClient|INFO|AC0004I|AC0004I request at url = https://casanova:9509/services/search-data-service/v1/search/indexes/entityautosuggestindex/suggest resulted in http response: 400 Bad Request|
2019-10-14T00:30:14.680Z|752471205|qtp1042790962-249|AAIUI|AAIUI|org.onap.aai.sparky.aggregatevnf.search.AggregateVnfSearchProvider|ERROR|AAIUI30053E|AAIUI30053E Error in parsing JSON payload: null|
2019-10-14T00:30:14.680Z|752471205|qtp1042790962-249|AAIUI|AAIUI|AAIRESTClient|INFO|AC0001I|AC0001I POST request at url = https://casanova:9509/services/search-data-service/v1/search/indexes/entity-search-index/query|
2019-10-14T00:30:14.732Z|752471205|qtp1042790962-249|AAIUI|AAIUI|AAIRESTClient|INFO|AC0003I|AC0003I POST request operation time = 52 ms for link = https://casanova:9509/services/search-data-service/v1/search/indexes/entity-search-index/query|
2019-10-14T00:30:14.732Z|752471205|qtp1042790962-249|AAIUI|AAIUI|AAIRESTClient|INFO|AC0004I|AC0004I request at url = https://casanova:9509/services/search-data-service/v1/search/indexes/entity-search-index/query resulted in http response: 200 OK|
2019-10-14T00:53:06.198Z|3154629993|qtp1042790962-66|AAIUI|AAIUI|AAIRESTClient|INFO|AC0001I|AC0001I POST request at url = https://casanova:9509/services/search-data-service/v1/search/indexes/aggregate_generic-vnf_index/query|
2019-10-14T00:53:06.257Z|3154629993|qtp1042790962-66|AAIUI|AAIUI|AAIRESTClient|INFO|AC0003I|AC0003I POST request operation time = 59 ms for link = https://casanova:9509/services/search-data-service/v1/search/indexes/aggregate_generic-vnf_index/query|
2019-10-14T00:53:06.257Z|3154629993|qtp1042790962-66|AAIUI|AAIUI|AAIRESTClient|INFO|AC0004I|AC0004I request at url = https://casanova:9509/services/search-data-service/v1/search/indexes/aggregate_generic-vnf_index/query resulted in http response: 404 Not Found|
2019-10-14T00:53:06.257Z|3154629993|qtp1042790962-66|AAIUI|AAIUI|org.onap.aai.sparky.search.filters.FilteredSearchHelper|WARN|AAIUI00067W|AAIUI00067W Filter values query failed with code 404 for filter with ID 2|
2019-10-14T00:53:06.258Z|3154629993|qtp1042790962-66|AAIUI|AAIUI|AAIRESTClient|INFO|AC0001I|AC0001I POST request at url = https://casanova:9509/services/search-data-service/v1/search/indexes/aggregate_generic-vnf_index/query|
2019-10-14T00:53:06.302Z|3154629993|qtp1042790962-66|AAIUI|AAIUI|AAIRESTClient|INFO|AC0003I|AC0003I POST request operation time = 44 ms for link = https://casanova:9509/services/search-data-service/v1/search/indexes/aggregate_generic-vnf_index/query|
2019-10-14T00:53:06.302Z|3154629993|qtp1042790962-66|AAIUI|AAIUI|AAIRESTClient|INFO|AC0004I|AC0004I request at url = https://casanova:9509/services/search-data-service/v1/search/indexes/aggregate_generic-vnf_index/query resulted in http response: 404 Not Found|
2019-10-14T00:53:06.302Z|3154629993|qtp1042790962-66|AAIUI|AAIUI|org.onap.aai.sparky.search.filters.FilteredSearchHelper|WARN|AAIUI00067W|AAIUI00067W Filter values query failed with code 404 for filter with ID 1|
2019-10-14T00:53:06.302Z|3154629993|qtp1042790962-66|AAIUI|AAIUI|AAIRESTClient|INFO|AC0001I|AC0001I POST request at url = https://casanova:9509/services/search-data-service/v1/search/indexes/aggregate_generic-vnf_index/query|
2019-10-14T00:53:06.348Z|3154629993|qtp1042790962-66|AAIUI|AAIUI|AAIRESTClient|INFO|AC0003I|AC0003I POST request operation time = 46 ms for link = https://casanova:9509/services/search-data-service/v1/search/indexes/aggregate_generic-vnf_index/query|
2019-10-14T00:53:06.348Z|3154629993|qtp1042790962-66|AAIUI|AAIUI|AAIRESTClient|INFO|AC0004I|AC0004I request at url = https://casanova:9509/services/search-data-service/v1/search/indexes/aggregate_generic-vnf_index/query resulted in http response: 404 Not Found|
2019-10-14T00:53:06.348Z|3154629993|qtp1042790962-66|AAIUI|AAIUI|org.onap.aai.sparky.search.filters.FilteredSearchHelper|WARN|AAIUI00067W|AAIUI00067W Filter values query failed with code 404 for filter with ID 7|
2019-10-14T00:53:06.348Z|3154629993|qtp1042790962-66|AAIUI|AAIUI|AAIRESTClient|INFO|AC0001I|AC0001I POST request at url = https://casanova:9509/services/search-data-service/v1/search/indexes/aggregate_generic-vnf_index/query|
2019-10-14T00:53:06.381Z|3154629993|qtp1042790962-66|AAIUI|AAIUI|AAIRESTClient|INFO|AC0003I|AC0003I POST request operation time = 33 ms for link = https://casanova:9509/services/search-data-service/v1/search/indexes/aggregate_generic-vnf_index/query|
2019-10-14T00:53:06.381Z|3154629993|qtp1042790962-66|AAIUI|AAIUI|AAIRESTClient|INFO|AC0004I|AC0004I request at url = https://casanova:9509/services/search-data-service/v1/search/indexes/aggregate_generic-vnf_index/query resulted in http response: 404 Not Found|
2019-10-14T00:53:06.382Z|3154629993|qtp1042790962-66|AAIUI|AAIUI|org.onap.aai.sparky.search.filters.FilteredSearchHelper|WARN|AAIUI00067W|AAIUI00067W Filter values query failed with code 404 for filter with ID 8|
2019-10-14T00:53:06.519Z|1371257706|qtp1042790962-131|AAIUI|AAIUI|AAIRESTClient|INFO|AC0001I|AC0001I POST request at url = https://casanova:9509/services/search-data-service/v1/search/indexes/aggregate_generic-vnf_index/query|
2019-10-14T00:53:06.543Z|1371257706|qtp1042790962-131|AAIUI|AAIUI|AAIRESTClient|INFO|AC0003I|AC0003I POST request operation time = 24 ms for link = https://casanova:9509/services/search-data-service/v1/search/indexes/aggregate_generic-vnf_index/query|
2019-10-14T00:53:06.543Z|1371257706|qtp1042790962-131|AAIUI|AAIUI|AAIRESTClient|INFO|AC0004I|AC0004I request at url = https://casanova:9509/services/search-data-service/v1/search/indexes/aggregate_generic-vnf_index/query resulted in http response: 404 Not Found|
2019-10-14T00:53:06.562Z|2817333252|qtp1042790962-66|AAIUI|AAIUI|AAIRESTClient|INFO|AC0001I|AC0001I POST request at url = https://casanova:9509/services/search-data-service/v1/search/indexes/aggregate_generic-vnf_index/query|
2019-10-14T00:53:06.583Z|2817333252|qtp1042790962-66|AAIUI|AAIUI|AAIRESTClient|INFO|AC0003I|AC0003I POST request operation time = 21 ms for link = https://casanova:9509/services/search-data-service/v1/search/indexes/aggregate_generic-vnf_index/query|
2019-10-14T00:53:06.583Z|2817333252|qtp1042790962-66|AAIUI|AAIUI|AAIRESTClient|INFO|AC0004I|AC0004I request at url = https://casanova:9509/services/search-data-service/v1/search/indexes/aggregate_generic-vnf_index/query resulted in http response: 404 Not Found|
2019-10-14T00:53:06.758Z|3550135378|qtp1042790962-131|AAIUI|AAIUI|AAIRESTClient|INFO|AC0001I|AC0001I POST request at url = https://casanova:9509/services/search-data-service/v1/search/indexes/aggregate_generic-vnf_index/query|
2019-10-14T00:53:06.775Z|3550135378|qtp1042790962-131|AAIUI|AAIUI|AAIRESTClient|INFO|AC0003I|AC0003I POST request operation time = 17 ms for link = https://casanova:9509/services/search-data-service/v1/search/indexes/aggregate_generic-vnf_index/query|
2019-10-14T00:53:06.775Z|3550135378|qtp1042790962-131|AAIUI|AAIUI|AAIRESTClient|INFO|AC0004I|AC0004I request at url = https://casanova:9509/services/search-data-service/v1/search/indexes/aggregate_generic-vnf_index/query resulted in http response: 404 Not Found|
2019-10-14T00:53:06.775Z|3550135378|qtp1042790962-131|AAIUI|AAIUI|org.onap.aai.sparky.search.filters.FilteredSearchHelper|WARN|AAIUI00067W|AAIUI00067W Filter values query failed with code 404 for filter with ID 2|
2019-10-14T00:53:06.775Z|3550135378|qtp1042790962-131|AAIUI|AAIUI|AAIRESTClient|INFO|AC0001I|AC0001I POST request at url = https://casanova:9509/services/search-data-service/v1/search/indexes/aggregate_generic-vnf_index/query|
2019-10-14T00:53:06.794Z|3550135378|qtp1042790962-131|AAIUI|AAIUI|AAIRESTClient|INFO|AC0003I|AC0003I POST request operation time = 19 ms for link = https://casanova:9509/services/search-data-service/v1/search/indexes/aggregate_generic-vnf_index/query|
2019-10-14T00:53:06.794Z|3550135378|qtp1042790962-131|AAIUI|AAIUI|AAIRESTClient|INFO|AC0004I|AC0004I request at url = https://casanova:9509/services/search-data-service/v1/search/indexes/aggregate_generic-vnf_index/query resulted in http response: 404 Not Found|
2019-10-14T00:53:06.794Z|3550135378|qtp1042790962-131|AAIUI|AAIUI|org.onap.aai.sparky.search.filters.FilteredSearchHelper|WARN|AAIUI00067W|AAIUI00067W Filter values query failed with code 404 for filter with ID 1|
2019-10-14T00:53:06.794Z|3550135378|qtp1042790962-131|AAIUI|AAIUI|AAIRESTClient|INFO|AC0001I|AC0001I POST request at url = https://casanova:9509/services/search-data-service/v1/search/indexes/aggregate_generic-vnf_index/query|
2019-10-14T00:53:06.810Z|3550135378|qtp1042790962-131|AAIUI|AAIUI|AAIRESTClient|INFO|AC0003I|AC0003I POST request operation time = 16 ms for link = https://casanova:9509/services/search-data-service/v1/search/indexes/aggregate_generic-vnf_index/query|
2019-10-14T00:53:06.810Z|3550135378|qtp1042790962-131|AAIUI|AAIUI|AAIRESTClient|INFO|AC0004I|AC0004I request at url = https://casanova:9509/services/search-data-service/v1/search/indexes/aggregate_generic-vnf_index/query resulted in http response: 404 Not Found|
2019-10-14T00:53:06.811Z|3550135378|qtp1042790962-131|AAIUI|AAIUI|org.onap.aai.sparky.search.filters.FilteredSearchHelper|WARN|AAIUI00067W|AAIUI00067W Filter values query failed with code 404 for filter with ID 7|
2019-10-14T00:53:06.811Z|3550135378|qtp1042790962-131|AAIUI|AAIUI|AAIRESTClient|INFO|AC0001I|AC0001I POST request at url = https://casanova:9509/services/search-data-service/v1/search/indexes/aggregate_generic-vnf_index/query|
2019-10-14T00:53:06.831Z|3550135378|qtp1042790962-131|AAIUI|AAIUI|AAIRESTClient|INFO|AC0003I|AC0003I POST request operation time = 20 ms for link = https://casanova:9509/services/search-data-service/v1/search/indexes/aggregate_generic-vnf_index/query|
2019-10-14T00:53:06.831Z|3550135378|qtp1042790962-131|AAIUI|AAIUI|AAIRESTClient|INFO|AC0004I|AC0004I request at url = https://casanova:9509/services/search-data-service/v1/search/indexes/aggregate_generic-vnf_index/query resulted in http response: 404 Not Found|
2019-10-14T00:53:06.831Z|3550135378|qtp1042790962-131|AAIUI|AAIUI|org.onap.aai.sparky.search.filters.FilteredSearchHelper|WARN|AAIUI00067W|AAIUI00067W Filter values query failed with code 404 for filter with ID 8|
