2019-10-14T00:22:15.696Z|2019-10-14T00:22:15.729Z|786911382||qtp1042790962-131|sparky-be|AAI-UI|AAIUI|||Not Found|404|||INFO|||33|sparky-be||||||||||AC0003I POST request operation time = 33 ms for link = https://casanova:9509/services/search-data-service/v1/search/indexes/aggregate_generic-vnf_index/query
2019-10-14T00:22:16.075Z|2019-10-14T00:22:16.094Z|2353346049||qtp1042790962-183|sparky-be|AAI-UI|AAIUI|||Not Found|404|||INFO|||19|sparky-be||||||||||AC0003I POST request operation time = 19 ms for link = https://casanova:9509/services/search-data-service/v1/search/indexes/aggregate_generic-vnf_index/query
2019-10-14T00:22:16.094Z|2019-10-14T00:22:16.124Z|2353346049||qtp1042790962-183|sparky-be|AAI-UI|AAIUI|||Not Found|404|||INFO|||30|sparky-be||||||||||AC0003I POST request operation time = 30 ms for link = https://casanova:9509/services/search-data-service/v1/search/indexes/aggregate_generic-vnf_index/query
2019-10-14T00:22:16.124Z|2019-10-14T00:22:16.147Z|2353346049||qtp1042790962-183|sparky-be|AAI-UI|AAIUI|||Not Found|404|||INFO|||23|sparky-be||||||||||AC0003I POST request operation time = 23 ms for link = https://casanova:9509/services/search-data-service/v1/search/indexes/aggregate_generic-vnf_index/query
2019-10-14T00:22:16.148Z|2019-10-14T00:22:16.173Z|2353346049||qtp1042790962-183|sparky-be|AAI-UI|AAIUI|||Not Found|404|||INFO|||25|sparky-be||||||||||AC0003I POST request operation time = 25 ms for link = https://casanova:9509/services/search-data-service/v1/search/indexes/aggregate_generic-vnf_index/query
2019-10-14T00:22:16.291Z|2019-10-14T00:22:16.313Z|2313909386||qtp1042790962-182|sparky-be|AAI-UI|AAIUI|||Not Found|404|||INFO|||22|sparky-be||||||||||AC0003I POST request operation time = 22 ms for link = https://casanova:9509/services/search-data-service/v1/search/indexes/aggregate_generic-vnf_index/query
2019-10-14T00:26:12.933Z|2019-10-14T00:26:13.066Z|4139309765||qtp1042790962-183|sparky-be|AAI-UI|AAIUI|||Not Found|404|||INFO|||133|sparky-be||||||||||AC0003I POST request operation time = 133 ms for link = https://casanova:9509/services/search-data-service/v1/search/indexes/aggregate_generic-vnf_index/query
2019-10-14T00:26:13.066Z|2019-10-14T00:26:13.109Z|4139309765||qtp1042790962-183|sparky-be|AAI-UI|AAIUI|||Not Found|404|||INFO|||43|sparky-be||||||||||AC0003I POST request operation time = 43 ms for link = https://casanova:9509/services/search-data-service/v1/search/indexes/aggregate_generic-vnf_index/query
2019-10-14T00:26:13.109Z|2019-10-14T00:26:13.156Z|4139309765||qtp1042790962-183|sparky-be|AAI-UI|AAIUI|||Not Found|404|||INFO|||47|sparky-be||||||||||AC0003I POST request operation time = 47 ms for link = https://casanova:9509/services/search-data-service/v1/search/indexes/aggregate_generic-vnf_index/query
2019-10-14T00:26:13.157Z|2019-10-14T00:26:13.204Z|4139309765||qtp1042790962-183|sparky-be|AAI-UI|AAIUI|||Not Found|404|||INFO|||47|sparky-be||||||||||AC0003I POST request operation time = 47 ms for link = https://casanova:9509/services/search-data-service/v1/search/indexes/aggregate_generic-vnf_index/query
2019-10-14T00:26:13.250Z|2019-10-14T00:26:13.298Z|1850379975||qtp1042790962-50|sparky-be|AAI-UI|AAIUI|||Not Found|404|||INFO|||48|sparky-be||||||||||AC0003I POST request operation time = 48 ms for link = https://casanova:9509/services/search-data-service/v1/search/indexes/aggregate_generic-vnf_index/query
2019-10-14T00:26:13.278Z|2019-10-14T00:26:13.324Z|4270359747||qtp1042790962-66|sparky-be|AAI-UI|AAIUI|||Not Found|404|||INFO|||46|sparky-be||||||||||AC0003I POST request operation time = 46 ms for link = https://casanova:9509/services/search-data-service/v1/search/indexes/aggregate_generic-vnf_index/query
2019-10-14T00:26:13.415Z|2019-10-14T00:26:13.464Z|214336815||qtp1042790962-249|sparky-be|AAI-UI|AAIUI|||Not Found|404|||INFO|||49|sparky-be||||||||||AC0003I POST request operation time = 49 ms for link = https://casanova:9509/services/search-data-service/v1/search/indexes/aggregate_generic-vnf_index/query
2019-10-14T00:26:13.465Z|2019-10-14T00:26:13.509Z|214336815||qtp1042790962-249|sparky-be|AAI-UI|AAIUI|||Not Found|404|||INFO|||44|sparky-be||||||||||AC0003I POST request operation time = 44 ms for link = https://casanova:9509/services/search-data-service/v1/search/indexes/aggregate_generic-vnf_index/query
2019-10-14T00:26:13.509Z|2019-10-14T00:26:13.553Z|214336815||qtp1042790962-249|sparky-be|AAI-UI|AAIUI|||Not Found|404|||INFO|||44|sparky-be||||||||||AC0003I POST request operation time = 44 ms for link = https://casanova:9509/services/search-data-service/v1/search/indexes/aggregate_generic-vnf_index/query
2019-10-14T00:26:13.554Z|2019-10-14T00:26:13.588Z|214336815||qtp1042790962-249|sparky-be|AAI-UI|AAIUI|||Not Found|404|||INFO|||34|sparky-be||||||||||AC0003I POST request operation time = 34 ms for link = https://casanova:9509/services/search-data-service/v1/search/indexes/aggregate_generic-vnf_index/query
2019-10-14T00:30:14.527Z|2019-10-14T00:30:14.680Z|752471205||qtp1042790962-249|sparky-be|AAI-UI|AAIUI|||Bad Request|400|||INFO|||153|sparky-be||||||||||AC0003I POST request operation time = 153 ms for link = https://casanova:9509/services/search-data-service/v1/search/indexes/entityautosuggestindex/suggest
2019-10-14T00:30:14.680Z|2019-10-14T00:30:14.732Z|752471205||qtp1042790962-249|sparky-be|AAI-UI|AAIUI|||OK|200|{
"searchResult":{
  "totalHits" : "0"
}
}||INFO|||52|sparky-be||||||||||AC0003I POST request operation time = 52 ms for link = https://casanova:9509/services/search-data-service/v1/search/indexes/entity-search-index/query
